<?xml version="1.0" encoding="UTF-8"?>
<!-- Generated by org.testng.reporters.JUnitReportReporter -->
<testsuite skipped="0" hostname="Cajetan-PC" name="seleniumTest.DockerChromeNoteTest" tests="1" failures="0" timestamp="2021-03-28T11:27:53 IST" time="17.473" errors="0">
  <testcase name="dockerTest" time="17.473" classname="seleniumTest.DockerChromeNoteTest"/>
  <system-out/>
</testsuite> <!-- seleniumTest.DockerChromeNoteTest -->
